<?xml version="1.0" encoding="UTF-8"?>
<!-- Generated by org.testng.reporters.JUnitReportReporter -->
<testsuite hostname="L-INE-DYRCQG3" failures="0" tests="2" name="jenkinPackage.Testcase1" time="28.667" errors="0" timestamp="2023-09-08T10:46:11 IST" skipped="0">
  <testcase classname="jenkinPackage.Testcase1" name="TC1" time="16.994"/>
  <testcase classname="jenkinPackage.Testcase1" name="TC2" time="11.673"/>
</testsuite> <!-- jenkinPackage.Testcase1 -->
